-- Found ament_cmake: 2.5.2 (/opt/ros/jazzy/share/ament_cmake/cmake)
-- Found rclcpp: 28.1.5 (/opt/ros/jazzy/share/rclcpp/cmake)
-- Found rosidl_generator_c: 4.6.4 (/opt/ros/jazzy/share/rosidl_generator_c/cmake)
-- Found rosidl_generator_cpp: 4.6.4 (/opt/ros/jazzy/share/rosidl_generator_cpp/cmake)
-- Using all available rosidl_typesupport_c: rosidl_typesupport_fastrtps_c;rosidl_typesupport_introspection_c
-- Using all available rosidl_typesupport_cpp: rosidl_typesupport_fastrtps_cpp;rosidl_typesupport_introspection_cpp
-- Found rmw_implementation_cmake: 7.3.1 (/opt/ros/jazzy/share/rmw_implementation_cmake/cmake)
-- Found rmw_fastrtps_cpp: 8.4.1 (/opt/ros/jazzy/share/rmw_fastrtps_cpp/cmake)
-- Using RMW implementation 'rmw_fastrtps_cpp' as default
-- Found ament_lint_auto: 0.17.1 (/opt/ros/jazzy/share/ament_lint_auto/cmake)
-- Added test 'cppcheck' to perform static code analysis on C / C++ code
-- Configured cppcheck include dirs: 
-- Configured cppcheck exclude dirs and/or files: 
-- Added test 'flake8' to check Python code syntax and style conventions
-- Configured 'flake8' exclude dirs and/or files: 
-- Added test 'lint_cmake' to check CMake code style
-- Added test 'pep257' to check Python code against some of the docstring style conventions in PEP 257
-- Added test 'uncrustify' to check C / C++ code style
-- Configured uncrustify additional arguments: 
-- Added test 'xmllint' to check XML markup files
-- Configuring done (0.4s)
-- Generating done (0.0s)
-- Build files have been written to: /home/bartek/Desktop/ROS2/tutorial_workspace/src/my_first_package/build/my_first_package
[100%] Built target minimal_node
-- Install configuration: ""
-- Up-to-date: /home/bartek/Desktop/ROS2/tutorial_workspace/src/my_first_package/install/my_first_package/lib/my_first_package/minimal_node
-- Installing: /home/bartek/Desktop/ROS2/tutorial_workspace/src/my_first_package/install/my_first_package/share/ament_index/resource_index/package_run_dependencies/my_first_package
-- Up-to-date: /home/bartek/Desktop/ROS2/tutorial_workspace/src/my_first_package/install/my_first_package/share/ament_index/resource_index/parent_prefix_path/my_first_package
-- Up-to-date: /home/bartek/Desktop/ROS2/tutorial_workspace/src/my_first_package/install/my_first_package/share/my_first_package/environment/ament_prefix_path.sh
-- Up-to-date: /home/bartek/Desktop/ROS2/tutorial_workspace/src/my_first_package/install/my_first_package/share/my_first_package/environment/ament_prefix_path.dsv
-- Up-to-date: /home/bartek/Desktop/ROS2/tutorial_workspace/src/my_first_package/install/my_first_package/share/my_first_package/environment/path.sh
-- Up-to-date: /home/bartek/Desktop/ROS2/tutorial_workspace/src/my_first_package/install/my_first_package/share/my_first_package/environment/path.dsv
-- Up-to-date: /home/bartek/Desktop/ROS2/tutorial_workspace/src/my_first_package/install/my_first_package/share/my_first_package/local_setup.bash
-- Up-to-date: /home/bartek/Desktop/ROS2/tutorial_workspace/src/my_first_package/install/my_first_package/share/my_first_package/local_setup.sh
-- Up-to-date: /home/bartek/Desktop/ROS2/tutorial_workspace/src/my_first_package/install/my_first_package/share/my_first_package/local_setup.zsh
-- Up-to-date: /home/bartek/Desktop/ROS2/tutorial_workspace/src/my_first_package/install/my_first_package/share/my_first_package/local_setup.dsv
-- Installing: /home/bartek/Desktop/ROS2/tutorial_workspace/src/my_first_package/install/my_first_package/share/my_first_package/package.dsv
-- Up-to-date: /home/bartek/Desktop/ROS2/tutorial_workspace/src/my_first_package/install/my_first_package/share/ament_index/resource_index/packages/my_first_package
-- Up-to-date: /home/bartek/Desktop/ROS2/tutorial_workspace/src/my_first_package/install/my_first_package/share/my_first_package/cmake/ament_cmake_export_dependencies-extras.cmake
-- Up-to-date: /home/bartek/Desktop/ROS2/tutorial_workspace/src/my_first_package/install/my_first_package/share/my_first_package/cmake/my_first_packageConfig.cmake
-- Up-to-date: /home/bartek/Desktop/ROS2/tutorial_workspace/src/my_first_package/install/my_first_package/share/my_first_package/cmake/my_first_packageConfig-version.cmake
-- Installing: /home/bartek/Desktop/ROS2/tutorial_workspace/src/my_first_package/install/my_first_package/share/my_first_package/package.xml
