[0.010s] Invoking command in '/home/bartek/Desktop/ROS2/tutorial_workspace/src/my_first_package/build/my_first_package': CMAKE_PREFIX_PATH=${CMAKE_PREFIX_PATH}:/opt/ros/jazzy /usr/bin/cmake --build /home/bartek/Desktop/ROS2/tutorial_workspace/src/my_first_package/build/my_first_package -- -j8 -l8
[0.033s] -- Found ament_cmake: 2.5.2 (/opt/ros/jazzy/share/ament_cmake/cmake)
[0.180s] -- Found rclcpp: 28.1.5 (/opt/ros/jazzy/share/rclcpp/cmake)
[0.199s] -- Found rosidl_generator_c: 4.6.4 (/opt/ros/jazzy/share/rosidl_generator_c/cmake)
[0.204s] -- Found rosidl_generator_cpp: 4.6.4 (/opt/ros/jazzy/share/rosidl_generator_cpp/cmake)
[0.211s] -- Using all available rosidl_typesupport_c: rosidl_typesupport_fastrtps_c;rosidl_typesupport_introspection_c
[0.216s] -- Using all available rosidl_typesupport_cpp: rosidl_typesupport_fastrtps_cpp;rosidl_typesupport_introspection_cpp
[0.258s] -- Found rmw_implementation_cmake: 7.3.1 (/opt/ros/jazzy/share/rmw_implementation_cmake/cmake)
[0.258s] -- Found rmw_fastrtps_cpp: 8.4.1 (/opt/ros/jazzy/share/rmw_fastrtps_cpp/cmake)
[0.308s] -- Using RMW implementation 'rmw_fastrtps_cpp' as default
[0.335s] -- Found ament_lint_auto: 0.17.1 (/opt/ros/jazzy/share/ament_lint_auto/cmake)
[0.414s] -- Added test 'cppcheck' to perform static code analysis on C / C++ code
[0.414s] -- Configured cppcheck include dirs: 
[0.414s] -- Configured cppcheck exclude dirs and/or files: 
[0.424s] -- Added test 'flake8' to check Python code syntax and style conventions
[0.424s] -- Configured 'flake8' exclude dirs and/or files: 
[0.424s] -- Added test 'lint_cmake' to check CMake code style
[0.424s] -- Added test 'pep257' to check Python code against some of the docstring style conventions in PEP 257
[0.424s] -- Added test 'uncrustify' to check C / C++ code style
[0.424s] -- Configured uncrustify additional arguments: 
[0.424s] -- Added test 'xmllint' to check XML markup files
[0.424s] -- Configuring done (0.4s)
[0.424s] -- Generating done (0.0s)
[0.453s] -- Build files have been written to: /home/bartek/Desktop/ROS2/tutorial_workspace/src/my_first_package/build/my_first_package
[0.501s] [100%] Built target minimal_node
[0.516s] Invoked command in '/home/bartek/Desktop/ROS2/tutorial_workspace/src/my_first_package/build/my_first_package' returned '0': CMAKE_PREFIX_PATH=${CMAKE_PREFIX_PATH}:/opt/ros/jazzy /usr/bin/cmake --build /home/bartek/Desktop/ROS2/tutorial_workspace/src/my_first_package/build/my_first_package -- -j8 -l8
[0.566s] Invoking command in '/home/bartek/Desktop/ROS2/tutorial_workspace/src/my_first_package/build/my_first_package': CMAKE_PREFIX_PATH=${CMAKE_PREFIX_PATH}:/opt/ros/jazzy /usr/bin/cmake --install /home/bartek/Desktop/ROS2/tutorial_workspace/src/my_first_package/build/my_first_package
[0.576s] -- Install configuration: ""
[0.576s] -- Up-to-date: /home/bartek/Desktop/ROS2/tutorial_workspace/src/my_first_package/install/my_first_package/lib/my_first_package/minimal_node
[0.576s] -- Installing: /home/bartek/Desktop/ROS2/tutorial_workspace/src/my_first_package/install/my_first_package/share/ament_index/resource_index/package_run_dependencies/my_first_package
[0.576s] -- Up-to-date: /home/bartek/Desktop/ROS2/tutorial_workspace/src/my_first_package/install/my_first_package/share/ament_index/resource_index/parent_prefix_path/my_first_package
[0.576s] -- Up-to-date: /home/bartek/Desktop/ROS2/tutorial_workspace/src/my_first_package/install/my_first_package/share/my_first_package/environment/ament_prefix_path.sh
[0.576s] -- Up-to-date: /home/bartek/Desktop/ROS2/tutorial_workspace/src/my_first_package/install/my_first_package/share/my_first_package/environment/ament_prefix_path.dsv
[0.576s] -- Up-to-date: /home/bartek/Desktop/ROS2/tutorial_workspace/src/my_first_package/install/my_first_package/share/my_first_package/environment/path.sh
[0.576s] -- Up-to-date: /home/bartek/Desktop/ROS2/tutorial_workspace/src/my_first_package/install/my_first_package/share/my_first_package/environment/path.dsv
[0.576s] -- Up-to-date: /home/bartek/Desktop/ROS2/tutorial_workspace/src/my_first_package/install/my_first_package/share/my_first_package/local_setup.bash
[0.576s] -- Up-to-date: /home/bartek/Desktop/ROS2/tutorial_workspace/src/my_first_package/install/my_first_package/share/my_first_package/local_setup.sh
[0.576s] -- Up-to-date: /home/bartek/Desktop/ROS2/tutorial_workspace/src/my_first_package/install/my_first_package/share/my_first_package/local_setup.zsh
[0.576s] -- Up-to-date: /home/bartek/Desktop/ROS2/tutorial_workspace/src/my_first_package/install/my_first_package/share/my_first_package/local_setup.dsv
[0.576s] -- Installing: /home/bartek/Desktop/ROS2/tutorial_workspace/src/my_first_package/install/my_first_package/share/my_first_package/package.dsv
[0.576s] -- Up-to-date: /home/bartek/Desktop/ROS2/tutorial_workspace/src/my_first_package/install/my_first_package/share/ament_index/resource_index/packages/my_first_package
[0.576s] -- Up-to-date: /home/bartek/Desktop/ROS2/tutorial_workspace/src/my_first_package/install/my_first_package/share/my_first_package/cmake/ament_cmake_export_dependencies-extras.cmake
[0.576s] -- Up-to-date: /home/bartek/Desktop/ROS2/tutorial_workspace/src/my_first_package/install/my_first_package/share/my_first_package/cmake/my_first_packageConfig.cmake
[0.576s] -- Up-to-date: /home/bartek/Desktop/ROS2/tutorial_workspace/src/my_first_package/install/my_first_package/share/my_first_package/cmake/my_first_packageConfig-version.cmake
[0.582s] -- Installing: /home/bartek/Desktop/ROS2/tutorial_workspace/src/my_first_package/install/my_first_package/share/my_first_package/package.xml
[0.582s] Invoked command in '/home/bartek/Desktop/ROS2/tutorial_workspace/src/my_first_package/build/my_first_package' returned '0': CMAKE_PREFIX_PATH=${CMAKE_PREFIX_PATH}:/opt/ros/jazzy /usr/bin/cmake --install /home/bartek/Desktop/ROS2/tutorial_workspace/src/my_first_package/build/my_first_package
