[0.003s] Invoking command in '/home/bartek/Desktop/ROS2/tutorial_workspace/src/my_first_package/build/my_first_package': CMAKE_PREFIX_PATH=${CMAKE_PREFIX_PATH}:/opt/ros/jazzy /usr/bin/cmake --build /home/bartek/Desktop/ROS2/tutorial_workspace/src/my_first_package/build/my_first_package -- -j8 -l8
[0.064s] [100%] Built target minimal_node
[0.085s] Invoked command in '/home/bartek/Desktop/ROS2/tutorial_workspace/src/my_first_package/build/my_first_package' returned '0': CMAKE_PREFIX_PATH=${CMAKE_PREFIX_PATH}:/opt/ros/jazzy /usr/bin/cmake --build /home/bartek/Desktop/ROS2/tutorial_workspace/src/my_first_package/build/my_first_package -- -j8 -l8
[0.146s] Invoking command in '/home/bartek/Desktop/ROS2/tutorial_workspace/src/my_first_package/build/my_first_package': CMAKE_PREFIX_PATH=${CMAKE_PREFIX_PATH}:/opt/ros/jazzy /usr/bin/cmake --install /home/bartek/Desktop/ROS2/tutorial_workspace/src/my_first_package/build/my_first_package
[0.151s] -- Install configuration: ""
[0.151s] -- Up-to-date: /home/bartek/Desktop/ROS2/tutorial_workspace/src/my_first_package/install/my_first_package/lib/my_first_package/minimal_node
[0.151s] -- Up-to-date: /home/bartek/Desktop/ROS2/tutorial_workspace/src/my_first_package/install/my_first_package/share/ament_index/resource_index/package_run_dependencies/my_first_package
[0.151s] -- Up-to-date: /home/bartek/Desktop/ROS2/tutorial_workspace/src/my_first_package/install/my_first_package/share/ament_index/resource_index/parent_prefix_path/my_first_package
[0.151s] -- Up-to-date: /home/bartek/Desktop/ROS2/tutorial_workspace/src/my_first_package/install/my_first_package/share/my_first_package/environment/ament_prefix_path.sh
[0.151s] -- Up-to-date: /home/bartek/Desktop/ROS2/tutorial_workspace/src/my_first_package/install/my_first_package/share/my_first_package/environment/ament_prefix_path.dsv
[0.151s] -- Up-to-date: /home/bartek/Desktop/ROS2/tutorial_workspace/src/my_first_package/install/my_first_package/share/my_first_package/environment/path.sh
[0.151s] -- Up-to-date: /home/bartek/Desktop/ROS2/tutorial_workspace/src/my_first_package/install/my_first_package/share/my_first_package/environment/path.dsv
[0.151s] -- Up-to-date: /home/bartek/Desktop/ROS2/tutorial_workspace/src/my_first_package/install/my_first_package/share/my_first_package/local_setup.bash
[0.151s] -- Up-to-date: /home/bartek/Desktop/ROS2/tutorial_workspace/src/my_first_package/install/my_first_package/share/my_first_package/local_setup.sh
[0.151s] -- Up-to-date: /home/bartek/Desktop/ROS2/tutorial_workspace/src/my_first_package/install/my_first_package/share/my_first_package/local_setup.zsh
[0.151s] -- Up-to-date: /home/bartek/Desktop/ROS2/tutorial_workspace/src/my_first_package/install/my_first_package/share/my_first_package/local_setup.dsv
[0.160s] -- Installing: /home/bartek/Desktop/ROS2/tutorial_workspace/src/my_first_package/install/my_first_package/share/my_first_package/package.dsv
[0.160s] -- Up-to-date: /home/bartek/Desktop/ROS2/tutorial_workspace/src/my_first_package/install/my_first_package/share/ament_index/resource_index/packages/my_first_package
[0.160s] -- Up-to-date: /home/bartek/Desktop/ROS2/tutorial_workspace/src/my_first_package/install/my_first_package/share/my_first_package/cmake/ament_cmake_export_dependencies-extras.cmake
[0.160s] -- Up-to-date: /home/bartek/Desktop/ROS2/tutorial_workspace/src/my_first_package/install/my_first_package/share/my_first_package/cmake/my_first_packageConfig.cmake
[0.160s] -- Up-to-date: /home/bartek/Desktop/ROS2/tutorial_workspace/src/my_first_package/install/my_first_package/share/my_first_package/cmake/my_first_packageConfig-version.cmake
[0.160s] -- Up-to-date: /home/bartek/Desktop/ROS2/tutorial_workspace/src/my_first_package/install/my_first_package/share/my_first_package/package.xml
[0.160s] Invoked command in '/home/bartek/Desktop/ROS2/tutorial_workspace/src/my_first_package/build/my_first_package' returned '0': CMAKE_PREFIX_PATH=${CMAKE_PREFIX_PATH}:/opt/ros/jazzy /usr/bin/cmake --install /home/bartek/Desktop/ROS2/tutorial_workspace/src/my_first_package/build/my_first_package
