[0.097s] DEBUG:colcon:Command line arguments: ['/usr/bin/colcon', 'build']
[0.097s] DEBUG:colcon:Parsed command line arguments: Namespace(log_base=None, log_level=None, verb_name='build', build_base='build', install_base='install', merge_install=False, symlink_install=False, test_result_base=None, continue_on_error=False, executor='parallel', parallel_workers=8, event_handlers=None, ignore_user_meta=False, metas=['./colcon.meta'], base_paths=['.'], packages_ignore=None, packages_ignore_regex=None, paths=None, packages_up_to=None, packages_up_to_regex=None, packages_above=None, packages_above_and_dependencies=None, packages_above_depth=None, packages_select_by_dep=None, packages_skip_by_dep=None, packages_skip_up_to=None, packages_select_build_failed=False, packages_skip_build_finished=False, packages_select_test_failures=False, packages_skip_test_passed=False, packages_select=None, packages_skip=None, packages_select_regex=None, packages_skip_regex=None, packages_start=None, packages_end=None, allow_overriding=[], cmake_args=None, cmake_target=None, cmake_target_skip_unavailable=False, cmake_clean_cache=False, cmake_clean_first=False, cmake_force_configure=False, ament_cmake_args=None, catkin_cmake_args=None, catkin_skip_building_tests=False, mixin_files=None, mixin=None, verb_parser=<colcon_mixin.mixin.mixin_argument.MixinArgumentDecorator object at 0x79656ed81730>, verb_extension=<colcon_core.verb.build.BuildVerb object at 0x79656ed813d0>, main=<bound method BuildVerb.main of <colcon_core.verb.build.BuildVerb object at 0x79656ed813d0>>, mixin_verb=('build',))
[0.097s] Level 1:colcon.colcon_core.package_discovery:discover_packages(colcon_meta) check parameters
[0.097s] Level 1:colcon.colcon_core.package_discovery:discover_packages(recursive) check parameters
[0.097s] Level 1:colcon.colcon_core.package_discovery:discover_packages(ignore) check parameters
[0.097s] Level 1:colcon.colcon_core.package_discovery:discover_packages(path) check parameters
[0.097s] Level 1:colcon.colcon_core.package_discovery:discover_packages(colcon_meta) discover
[0.097s] Level 1:colcon.colcon_core.package_discovery:discover_packages(recursive) discover
[0.097s] INFO:colcon.colcon_core.package_discovery:Crawling recursively for packages in '/home/bartek/Desktop/ROS2/tutorial_workspace/src/my_first_package'
[0.097s] Level 1:colcon.colcon_core.package_identification:_identify(.) by extensions ['ignore', 'ignore_ament_install']
[0.097s] Level 1:colcon.colcon_core.package_identification:_identify(.) by extension 'ignore'
[0.097s] Level 1:colcon.colcon_core.package_identification:_identify(.) by extension 'ignore_ament_install'
[0.097s] Level 1:colcon.colcon_core.package_identification:_identify(.) by extensions ['colcon_pkg']
[0.097s] Level 1:colcon.colcon_core.package_identification:_identify(.) by extension 'colcon_pkg'
[0.097s] Level 1:colcon.colcon_core.package_identification:_identify(.) by extensions ['colcon_meta']
[0.097s] Level 1:colcon.colcon_core.package_identification:_identify(.) by extension 'colcon_meta'
[0.097s] Level 1:colcon.colcon_core.package_identification:_identify(.) by extensions ['ros']
[0.097s] Level 1:colcon.colcon_core.package_identification:_identify(.) by extension 'ros'
[0.097s] DEBUG:colcon.colcon_core.package_identification:Package '.' with type 'ros.ament_cmake' and name 'my_first_package'
[0.097s] Level 1:colcon.colcon_core.package_discovery:discover_packages(recursive) using defaults
[0.097s] Level 1:colcon.colcon_core.package_discovery:discover_packages(ignore) discover
[0.097s] Level 1:colcon.colcon_core.package_discovery:discover_packages(ignore) using defaults
[0.097s] Level 1:colcon.colcon_core.package_discovery:discover_packages(path) discover
[0.097s] Level 1:colcon.colcon_core.package_discovery:discover_packages(path) using defaults
[0.097s] Level 1:colcon.colcon_core.package_discovery:discover_packages(prefix_path) check parameters
[0.097s] Level 1:colcon.colcon_core.package_discovery:discover_packages(prefix_path) discover
[0.097s] DEBUG:colcon.colcon_installed_package_information.package_discovery:Found 285 installed packages in /opt/ros/jazzy
[0.097s] Level 1:colcon.colcon_core.package_discovery:discover_packages(prefix_path) using defaults
[0.158s] Level 5:colcon.colcon_core.verb:set package 'my_first_package' build argument 'cmake_args' from command line to 'None'
[0.158s] Level 5:colcon.colcon_core.verb:set package 'my_first_package' build argument 'cmake_target' from command line to 'None'
[0.158s] Level 5:colcon.colcon_core.verb:set package 'my_first_package' build argument 'cmake_target_skip_unavailable' from command line to 'False'
[0.158s] Level 5:colcon.colcon_core.verb:set package 'my_first_package' build argument 'cmake_clean_cache' from command line to 'False'
[0.158s] Level 5:colcon.colcon_core.verb:set package 'my_first_package' build argument 'cmake_clean_first' from command line to 'False'
[0.158s] Level 5:colcon.colcon_core.verb:set package 'my_first_package' build argument 'cmake_force_configure' from command line to 'False'
[0.158s] Level 5:colcon.colcon_core.verb:set package 'my_first_package' build argument 'ament_cmake_args' from command line to 'None'
[0.158s] Level 5:colcon.colcon_core.verb:set package 'my_first_package' build argument 'catkin_cmake_args' from command line to 'None'
[0.158s] Level 5:colcon.colcon_core.verb:set package 'my_first_package' build argument 'catkin_skip_building_tests' from command line to 'False'
[0.158s] DEBUG:colcon.colcon_core.verb:Building package 'my_first_package' with the following arguments: {'ament_cmake_args': None, 'build_base': '/home/bartek/Desktop/ROS2/tutorial_workspace/src/my_first_package/build/my_first_package', 'catkin_cmake_args': None, 'catkin_skip_building_tests': False, 'cmake_args': None, 'cmake_clean_cache': False, 'cmake_clean_first': False, 'cmake_force_configure': False, 'cmake_target': None, 'cmake_target_skip_unavailable': False, 'install_base': '/home/bartek/Desktop/ROS2/tutorial_workspace/src/my_first_package/install/my_first_package', 'merge_install': False, 'path': '/home/bartek/Desktop/ROS2/tutorial_workspace/src/my_first_package', 'symlink_install': False, 'test_result_base': None}
[0.158s] INFO:colcon.colcon_core.executor:Executing jobs using 'parallel' executor
[0.169s] DEBUG:colcon.colcon_parallel_executor.executor.parallel:run_until_complete
[0.169s] INFO:colcon.colcon_ros.task.ament_cmake.build:Building ROS package in '/home/bartek/Desktop/ROS2/tutorial_workspace/src/my_first_package' with build type 'ament_cmake'
[0.169s] INFO:colcon.colcon_cmake.task.cmake.build:Building CMake package in '/home/bartek/Desktop/ROS2/tutorial_workspace/src/my_first_package'
[0.171s] INFO:colcon.colcon_core.plugin_system:Skipping extension 'colcon_core.shell.bat': Not used on non-Windows systems
[0.171s] INFO:colcon.colcon_core.shell:Skip shell extension 'powershell' for command environment: Not usable outside of PowerShell
[0.171s] DEBUG:colcon.colcon_core.shell:Skip shell extension 'dsv' for command environment
[0.174s] DEBUG:colcon.colcon_core.event_handler.log_command:Invoking command in '/home/bartek/Desktop/ROS2/tutorial_workspace/src/my_first_package/build/my_first_package': CMAKE_PREFIX_PATH=${CMAKE_PREFIX_PATH}:/opt/ros/jazzy /usr/bin/cmake --build /home/bartek/Desktop/ROS2/tutorial_workspace/src/my_first_package/build/my_first_package -- -j8 -l8
[0.256s] DEBUG:colcon.colcon_core.event_handler.log_command:Invoked command in '/home/bartek/Desktop/ROS2/tutorial_workspace/src/my_first_package/build/my_first_package' returned '0': CMAKE_PREFIX_PATH=${CMAKE_PREFIX_PATH}:/opt/ros/jazzy /usr/bin/cmake --build /home/bartek/Desktop/ROS2/tutorial_workspace/src/my_first_package/build/my_first_package -- -j8 -l8
[0.317s] DEBUG:colcon.colcon_core.event_handler.log_command:Invoking command in '/home/bartek/Desktop/ROS2/tutorial_workspace/src/my_first_package/build/my_first_package': CMAKE_PREFIX_PATH=${CMAKE_PREFIX_PATH}:/opt/ros/jazzy /usr/bin/cmake --install /home/bartek/Desktop/ROS2/tutorial_workspace/src/my_first_package/build/my_first_package
[0.331s] Level 1:colcon.colcon_core.environment:create_environment_scripts_only(my_first_package)
[0.331s] DEBUG:colcon.colcon_core.event_handler.log_command:Invoked command in '/home/bartek/Desktop/ROS2/tutorial_workspace/src/my_first_package/build/my_first_package' returned '0': CMAKE_PREFIX_PATH=${CMAKE_PREFIX_PATH}:/opt/ros/jazzy /usr/bin/cmake --install /home/bartek/Desktop/ROS2/tutorial_workspace/src/my_first_package/build/my_first_package
[0.331s] Level 1:colcon.colcon_core.environment:checking '/home/bartek/Desktop/ROS2/tutorial_workspace/src/my_first_package/install/my_first_package' for CMake module files
[0.331s] Level 1:colcon.colcon_core.environment:checking '/home/bartek/Desktop/ROS2/tutorial_workspace/src/my_first_package/install/my_first_package' for CMake config files
[0.331s] Level 1:colcon.colcon_core.shell:create_environment_hook('my_first_package', 'cmake_prefix_path')
[0.331s] INFO:colcon.colcon_core.shell:Creating environment hook '/home/bartek/Desktop/ROS2/tutorial_workspace/src/my_first_package/install/my_first_package/share/my_first_package/hook/cmake_prefix_path.ps1'
[0.331s] INFO:colcon.colcon_core.shell:Creating environment descriptor '/home/bartek/Desktop/ROS2/tutorial_workspace/src/my_first_package/install/my_first_package/share/my_first_package/hook/cmake_prefix_path.dsv'
[0.331s] INFO:colcon.colcon_core.shell:Creating environment hook '/home/bartek/Desktop/ROS2/tutorial_workspace/src/my_first_package/install/my_first_package/share/my_first_package/hook/cmake_prefix_path.sh'
[0.331s] Level 1:colcon.colcon_core.environment:checking '/home/bartek/Desktop/ROS2/tutorial_workspace/src/my_first_package/install/my_first_package/lib'
[0.331s] Level 1:colcon.colcon_core.environment:checking '/home/bartek/Desktop/ROS2/tutorial_workspace/src/my_first_package/install/my_first_package/bin'
[0.331s] Level 1:colcon.colcon_core.environment:checking '/home/bartek/Desktop/ROS2/tutorial_workspace/src/my_first_package/install/my_first_package/lib/pkgconfig/my_first_package.pc'
[0.331s] Level 1:colcon.colcon_core.environment:checking '/home/bartek/Desktop/ROS2/tutorial_workspace/src/my_first_package/install/my_first_package/lib/python3.12/site-packages'
[0.331s] Level 1:colcon.colcon_core.environment:checking '/home/bartek/Desktop/ROS2/tutorial_workspace/src/my_first_package/install/my_first_package/bin'
[0.331s] INFO:colcon.colcon_core.shell:Creating package script '/home/bartek/Desktop/ROS2/tutorial_workspace/src/my_first_package/install/my_first_package/share/my_first_package/package.ps1'
[0.331s] INFO:colcon.colcon_core.shell:Creating package descriptor '/home/bartek/Desktop/ROS2/tutorial_workspace/src/my_first_package/install/my_first_package/share/my_first_package/package.dsv'
[0.340s] INFO:colcon.colcon_core.shell:Creating package script '/home/bartek/Desktop/ROS2/tutorial_workspace/src/my_first_package/install/my_first_package/share/my_first_package/package.sh'
[0.340s] INFO:colcon.colcon_core.shell:Creating package script '/home/bartek/Desktop/ROS2/tutorial_workspace/src/my_first_package/install/my_first_package/share/my_first_package/package.bash'
[0.340s] INFO:colcon.colcon_core.shell:Creating package script '/home/bartek/Desktop/ROS2/tutorial_workspace/src/my_first_package/install/my_first_package/share/my_first_package/package.zsh'
[0.345s] Level 1:colcon.colcon_core.environment:create_file_with_runtime_dependencies(/home/bartek/Desktop/ROS2/tutorial_workspace/src/my_first_package/install/my_first_package/share/colcon-core/packages/my_first_package)
[0.381s] Level 1:colcon.colcon_core.environment:create_environment_scripts_only(my_first_package)
[0.391s] Level 1:colcon.colcon_core.environment:checking '/home/bartek/Desktop/ROS2/tutorial_workspace/src/my_first_package/install/my_first_package' for CMake module files
[0.391s] Level 1:colcon.colcon_core.environment:checking '/home/bartek/Desktop/ROS2/tutorial_workspace/src/my_first_package/install/my_first_package' for CMake config files
[0.391s] Level 1:colcon.colcon_core.shell:create_environment_hook('my_first_package', 'cmake_prefix_path')
[0.391s] INFO:colcon.colcon_core.shell:Creating environment hook '/home/bartek/Desktop/ROS2/tutorial_workspace/src/my_first_package/install/my_first_package/share/my_first_package/hook/cmake_prefix_path.ps1'
[0.391s] INFO:colcon.colcon_core.shell:Creating environment descriptor '/home/bartek/Desktop/ROS2/tutorial_workspace/src/my_first_package/install/my_first_package/share/my_first_package/hook/cmake_prefix_path.dsv'
[0.393s] INFO:colcon.colcon_core.shell:Creating environment hook '/home/bartek/Desktop/ROS2/tutorial_workspace/src/my_first_package/install/my_first_package/share/my_first_package/hook/cmake_prefix_path.sh'
[0.394s] Level 1:colcon.colcon_core.environment:checking '/home/bartek/Desktop/ROS2/tutorial_workspace/src/my_first_package/install/my_first_package/lib'
[0.394s] Level 1:colcon.colcon_core.environment:checking '/home/bartek/Desktop/ROS2/tutorial_workspace/src/my_first_package/install/my_first_package/bin'
[0.394s] Level 1:colcon.colcon_core.environment:checking '/home/bartek/Desktop/ROS2/tutorial_workspace/src/my_first_package/install/my_first_package/lib/pkgconfig/my_first_package.pc'
[0.394s] Level 1:colcon.colcon_core.environment:checking '/home/bartek/Desktop/ROS2/tutorial_workspace/src/my_first_package/install/my_first_package/lib/python3.12/site-packages'
[0.394s] Level 1:colcon.colcon_core.environment:checking '/home/bartek/Desktop/ROS2/tutorial_workspace/src/my_first_package/install/my_first_package/bin'
[0.394s] INFO:colcon.colcon_core.shell:Creating package script '/home/bartek/Desktop/ROS2/tutorial_workspace/src/my_first_package/install/my_first_package/share/my_first_package/package.ps1'
[0.394s] INFO:colcon.colcon_core.shell:Creating package descriptor '/home/bartek/Desktop/ROS2/tutorial_workspace/src/my_first_package/install/my_first_package/share/my_first_package/package.dsv'
[0.396s] INFO:colcon.colcon_core.shell:Creating package script '/home/bartek/Desktop/ROS2/tutorial_workspace/src/my_first_package/install/my_first_package/share/my_first_package/package.sh'
[0.396s] INFO:colcon.colcon_core.shell:Creating package script '/home/bartek/Desktop/ROS2/tutorial_workspace/src/my_first_package/install/my_first_package/share/my_first_package/package.bash'
[0.396s] INFO:colcon.colcon_core.shell:Creating package script '/home/bartek/Desktop/ROS2/tutorial_workspace/src/my_first_package/install/my_first_package/share/my_first_package/package.zsh'
[0.397s] Level 1:colcon.colcon_core.environment:create_file_with_runtime_dependencies(/home/bartek/Desktop/ROS2/tutorial_workspace/src/my_first_package/install/my_first_package/share/colcon-core/packages/my_first_package)
[0.397s] DEBUG:colcon.colcon_parallel_executor.executor.parallel:closing loop
[0.398s] DEBUG:colcon.colcon_parallel_executor.executor.parallel:loop closed
[0.398s] DEBUG:colcon.colcon_parallel_executor.executor.parallel:run_until_complete finished with '0'
[0.398s] DEBUG:colcon.colcon_core.event_reactor:joining thread
[0.400s] INFO:colcon.colcon_core.plugin_system:Skipping extension 'colcon_notification.desktop_notification.terminal_notifier': Not used on non-Darwin systems
[0.400s] INFO:colcon.colcon_core.plugin_system:Skipping extension 'colcon_notification.desktop_notification.win32': Not used on non-Windows systems
[0.400s] INFO:colcon.colcon_notification.desktop_notification:Sending desktop notification using 'notify2'
[0.400s] DEBUG:colcon.colcon_notification.desktop_notification.notify2:Failed to initialize notify2: org.freedesktop.DBus.Error.NotSupported: Unable to autolaunch a dbus-daemon without a $DISPLAY for X11
[0.400s] DEBUG:colcon.colcon_core.event_reactor:joined thread
[0.400s] INFO:colcon.colcon_core.shell:Creating prefix script '/home/bartek/Desktop/ROS2/tutorial_workspace/src/my_first_package/install/local_setup.ps1'
[0.400s] INFO:colcon.colcon_core.shell:Creating prefix util module '/home/bartek/Desktop/ROS2/tutorial_workspace/src/my_first_package/install/_local_setup_util_ps1.py'
[0.405s] INFO:colcon.colcon_core.shell:Creating prefix chain script '/home/bartek/Desktop/ROS2/tutorial_workspace/src/my_first_package/install/setup.ps1'
[0.408s] INFO:colcon.colcon_core.shell:Creating prefix script '/home/bartek/Desktop/ROS2/tutorial_workspace/src/my_first_package/install/local_setup.sh'
[0.408s] INFO:colcon.colcon_core.shell:Creating prefix util module '/home/bartek/Desktop/ROS2/tutorial_workspace/src/my_first_package/install/_local_setup_util_sh.py'
[0.409s] INFO:colcon.colcon_core.shell:Creating prefix chain script '/home/bartek/Desktop/ROS2/tutorial_workspace/src/my_first_package/install/setup.sh'
[0.409s] INFO:colcon.colcon_core.shell:Creating prefix script '/home/bartek/Desktop/ROS2/tutorial_workspace/src/my_first_package/install/local_setup.bash'
[0.410s] INFO:colcon.colcon_core.shell:Creating prefix chain script '/home/bartek/Desktop/ROS2/tutorial_workspace/src/my_first_package/install/setup.bash'
[0.411s] INFO:colcon.colcon_core.shell:Creating prefix script '/home/bartek/Desktop/ROS2/tutorial_workspace/src/my_first_package/install/local_setup.zsh'
[0.412s] INFO:colcon.colcon_core.shell:Creating prefix chain script '/home/bartek/Desktop/ROS2/tutorial_workspace/src/my_first_package/install/setup.zsh'
