[0.094s] Invoking command in '/home/bartek/Desktop/ROS2/tutorial_workspace/src/my_first_package/build/my_first_package': /usr/bin/cmake /home/bartek/Desktop/ROS2/tutorial_workspace/src/my_first_package -DCMAKE_INSTALL_PREFIX=/home/bartek/Desktop/ROS2/tutorial_workspace/src/my_first_package/install/my_first_package
[0.340s] -- The C compiler identification is GNU 13.2.0
[0.441s] -- The CXX compiler identification is GNU 13.2.0
[0.472s] -- Detecting C compiler ABI info
[0.575s] -- Detecting C compiler ABI info - done
[0.580s] -- Check for working C compiler: /usr/bin/cc - skipped
[0.580s] -- Detecting C compile features
[0.580s] -- Detecting C compile features - done
[0.592s] -- Detecting CXX compiler ABI info
[0.691s] -- Detecting CXX compiler ABI info - done
[0.691s] -- Check for working CXX compiler: /usr/bin/c++ - skipped
[0.691s] -- Detecting CXX compile features
[0.691s] -- Detecting CXX compile features - done
[0.705s] -- Found ament_cmake: 2.5.2 (/opt/ros/jazzy/share/ament_cmake/cmake)
[0.821s] -- Found Python3: /usr/bin/python3 (found version "3.12.3") found components: Interpreter 
[0.951s] -- Found rclcpp: 28.1.5 (/opt/ros/jazzy/share/rclcpp/cmake)
[1.020s] -- Found rosidl_generator_c: 4.6.4 (/opt/ros/jazzy/share/rosidl_generator_c/cmake)
[1.034s] -- Found rosidl_generator_cpp: 4.6.4 (/opt/ros/jazzy/share/rosidl_generator_cpp/cmake)
[1.069s] -- Using all available rosidl_typesupport_c: rosidl_typesupport_fastrtps_c;rosidl_typesupport_introspection_c
[1.097s] -- Using all available rosidl_typesupport_cpp: rosidl_typesupport_fastrtps_cpp;rosidl_typesupport_introspection_cpp
[1.211s] -- Found rmw_implementation_cmake: 7.3.1 (/opt/ros/jazzy/share/rmw_implementation_cmake/cmake)
[1.217s] -- Found rmw_fastrtps_cpp: 8.4.1 (/opt/ros/jazzy/share/rmw_fastrtps_cpp/cmake)
[1.327s] -- Found OpenSSL: /usr/lib/x86_64-linux-gnu/libcrypto.so (found version "3.0.13")  
[1.345s] -- Found FastRTPS: /opt/ros/jazzy/include (Required is at least version "2.13") 
[1.365s] -- Using RMW implementation 'rmw_fastrtps_cpp' as default
[1.464s] [31mCMake Error at CMakeLists.txt:21 (ament_target_dependecies):
[1.464s]   Unknown CMake command "ament_target_dependecies".
[1.464s] 
[1.464s] [0m
[1.464s] -- Configuring incomplete, errors occurred!
[1.476s] Invoked command in '/home/bartek/Desktop/ROS2/tutorial_workspace/src/my_first_package/build/my_first_package' returned '1': /usr/bin/cmake /home/bartek/Desktop/ROS2/tutorial_workspace/src/my_first_package -DCMAKE_INSTALL_PREFIX=/home/bartek/Desktop/ROS2/tutorial_workspace/src/my_first_package/install/my_first_package
