[0.035s] Invoking command in '/home/bartek/Desktop/ROS2/tutorial_workspace/build/minimal_package': CMAKE_PREFIX_PATH=${CMAKE_PREFIX_PATH}:/opt/ros/jazzy DEBUGINFOD_URLS=https://debuginfod.ubuntu.com /usr/bin/cmake /home/bartek/Desktop/ROS2/tutorial_workspace/src/minimal_package -DCMAKE_INSTALL_PREFIX=/home/bartek/Desktop/ROS2/tutorial_workspace/install/minimal_package
[0.301s] -- The C compiler identification is GNU 13.2.0
[0.475s] -- The CXX compiler identification is GNU 13.2.0
[0.512s] -- Detecting C compiler ABI info
[0.654s] -- Detecting C compiler ABI info - done
[0.662s] -- Check for working C compiler: /usr/bin/cc - skipped
[0.662s] -- Detecting C compile features
[0.664s] -- Detecting C compile features - done
[0.681s] -- Detecting CXX compiler ABI info
[0.807s] -- Detecting CXX compiler ABI info - done
[0.813s] -- Check for working CXX compiler: /usr/bin/c++ - skipped
[0.813s] -- Detecting CXX compile features
[0.815s] -- Detecting CXX compile features - done
[0.826s] -- Found ament_cmake: 2.5.2 (/opt/ros/jazzy/share/ament_cmake/cmake)
[0.969s] -- Found Python3: /usr/bin/python3 (found version "3.12.3") found components: Interpreter 
[1.144s] -- Found rclcpp: 28.1.5 (/opt/ros/jazzy/share/rclcpp/cmake)
[1.240s] -- Found rosidl_generator_c: 4.6.4 (/opt/ros/jazzy/share/rosidl_generator_c/cmake)
[1.265s] -- Found rosidl_generator_cpp: 4.6.4 (/opt/ros/jazzy/share/rosidl_generator_cpp/cmake)
[1.265s] -- Using all available rosidl_typesupport_c: rosidl_typesupport_fastrtps_c;rosidl_typesupport_introspection_c
[1.335s] -- Using all available rosidl_typesupport_cpp: rosidl_typesupport_fastrtps_cpp;rosidl_typesupport_introspection_cpp
[1.451s] -- Found rmw_implementation_cmake: 7.3.1 (/opt/ros/jazzy/share/rmw_implementation_cmake/cmake)
[1.451s] -- Found rmw_fastrtps_cpp: 8.4.1 (/opt/ros/jazzy/share/rmw_fastrtps_cpp/cmake)
[1.599s] -- Found OpenSSL: /usr/lib/x86_64-linux-gnu/libcrypto.so (found version "3.0.13")  
[1.609s] -- Found FastRTPS: /opt/ros/jazzy/include (Required is at least version "2.13") 
[1.609s] -- Using RMW implementation 'rmw_fastrtps_cpp' as default
[1.748s] -- Found ament_lint_auto: 0.17.1 (/opt/ros/jazzy/share/ament_lint_auto/cmake)
[1.848s] -- Added test 'cppcheck' to perform static code analysis on C / C++ code
[1.848s] -- Configured cppcheck include dirs: $<BUILD_INTERFACE:/home/bartek/Desktop/ROS2/tutorial_workspace/src/minimal_package/include>
[1.848s] -- Configured cppcheck exclude dirs and/or files: 
[1.850s] -- Added test 'lint_cmake' to check CMake code style
[1.852s] -- Added test 'uncrustify' to check C / C++ code style
[1.852s] -- Configured uncrustify additional arguments: 
[1.854s] -- Added test 'xmllint' to check XML markup files
[1.856s] -- Configuring done (1.8s)
[1.873s] -- Generating done (0.0s)
[1.873s] -- Build files have been written to: /home/bartek/Desktop/ROS2/tutorial_workspace/build/minimal_package
[1.883s] Invoked command in '/home/bartek/Desktop/ROS2/tutorial_workspace/build/minimal_package' returned '0': CMAKE_PREFIX_PATH=${CMAKE_PREFIX_PATH}:/opt/ros/jazzy DEBUGINFOD_URLS=https://debuginfod.ubuntu.com /usr/bin/cmake /home/bartek/Desktop/ROS2/tutorial_workspace/src/minimal_package -DCMAKE_INSTALL_PREFIX=/home/bartek/Desktop/ROS2/tutorial_workspace/install/minimal_package
[1.888s] Invoking command in '/home/bartek/Desktop/ROS2/tutorial_workspace/build/minimal_package': CMAKE_PREFIX_PATH=${CMAKE_PREFIX_PATH}:/opt/ros/jazzy DEBUGINFOD_URLS=https://debuginfod.ubuntu.com /usr/bin/cmake --build /home/bartek/Desktop/ROS2/tutorial_workspace/build/minimal_package -- -j8 -l8
[1.954s] [ 50%] [32mBuilding CXX object CMakeFiles/minimal_node.dir/src/minimal_node.cpp.o[0m
[1.992s] [100%] [32m[1mLinking CXX executable minimal_node[0m
[2.177s] [100%] Built target minimal_node
[2.191s] Invoked command in '/home/bartek/Desktop/ROS2/tutorial_workspace/build/minimal_package' returned '0': CMAKE_PREFIX_PATH=${CMAKE_PREFIX_PATH}:/opt/ros/jazzy DEBUGINFOD_URLS=https://debuginfod.ubuntu.com /usr/bin/cmake --build /home/bartek/Desktop/ROS2/tutorial_workspace/build/minimal_package -- -j8 -l8
[2.245s] Invoking command in '/home/bartek/Desktop/ROS2/tutorial_workspace/build/minimal_package': CMAKE_PREFIX_PATH=${CMAKE_PREFIX_PATH}:/opt/ros/jazzy DEBUGINFOD_URLS=https://debuginfod.ubuntu.com /usr/bin/cmake --install /home/bartek/Desktop/ROS2/tutorial_workspace/build/minimal_package
[2.256s] -- Install configuration: ""
[2.256s] -- Installing: /home/bartek/Desktop/ROS2/tutorial_workspace/install/minimal_package/lib/minimal_package/minimal_node
[2.257s] -- Set non-toolchain portion of runtime path of "/home/bartek/Desktop/ROS2/tutorial_workspace/install/minimal_package/lib/minimal_package/minimal_node" to ""
[2.257s] -- Installing: /home/bartek/Desktop/ROS2/tutorial_workspace/install/minimal_package/share/ament_index/resource_index/package_run_dependencies/minimal_package
[2.257s] -- Installing: /home/bartek/Desktop/ROS2/tutorial_workspace/install/minimal_package/share/ament_index/resource_index/parent_prefix_path/minimal_package
[2.257s] -- Installing: /home/bartek/Desktop/ROS2/tutorial_workspace/install/minimal_package/share/minimal_package/environment/ament_prefix_path.sh
[2.257s] -- Installing: /home/bartek/Desktop/ROS2/tutorial_workspace/install/minimal_package/share/minimal_package/environment/ament_prefix_path.dsv
[2.258s] -- Installing: /home/bartek/Desktop/ROS2/tutorial_workspace/install/minimal_package/share/minimal_package/environment/path.sh
[2.258s] -- Installing: /home/bartek/Desktop/ROS2/tutorial_workspace/install/minimal_package/share/minimal_package/environment/path.dsv
[2.258s] -- Installing: /home/bartek/Desktop/ROS2/tutorial_workspace/install/minimal_package/share/minimal_package/local_setup.bash
[2.260s] -- Installing: /home/bartek/Desktop/ROS2/tutorial_workspace/install/minimal_package/share/minimal_package/local_setup.sh
[2.267s] -- Installing: /home/bartek/Desktop/ROS2/tutorial_workspace/install/minimal_package/share/minimal_package/local_setup.zsh
[2.269s] -- Installing: /home/bartek/Desktop/ROS2/tutorial_workspace/install/minimal_package/share/minimal_package/local_setup.dsv
[2.269s] -- Installing: /home/bartek/Desktop/ROS2/tutorial_workspace/install/minimal_package/share/minimal_package/package.dsv
[2.269s] -- Installing: /home/bartek/Desktop/ROS2/tutorial_workspace/install/minimal_package/share/ament_index/resource_index/packages/minimal_package
[2.269s] -- Installing: /home/bartek/Desktop/ROS2/tutorial_workspace/install/minimal_package/share/minimal_package/cmake/minimal_packageConfig.cmake
[2.269s] -- Installing: /home/bartek/Desktop/ROS2/tutorial_workspace/install/minimal_package/share/minimal_package/cmake/minimal_packageConfig-version.cmake
[2.269s] -- Installing: /home/bartek/Desktop/ROS2/tutorial_workspace/install/minimal_package/share/minimal_package/package.xml
[2.271s] Invoked command in '/home/bartek/Desktop/ROS2/tutorial_workspace/build/minimal_package' returned '0': CMAKE_PREFIX_PATH=${CMAKE_PREFIX_PATH}:/opt/ros/jazzy DEBUGINFOD_URLS=https://debuginfod.ubuntu.com /usr/bin/cmake --install /home/bartek/Desktop/ROS2/tutorial_workspace/build/minimal_package
